[INFO] Scanning for projects...
[INFO] 
[INFO] ---------------------< com.vms:vendor-management >----------------------
[INFO] Building vendor-management 1.0
[INFO]   from pom.xml
[INFO] --------------------------------[ jar ]---------------------------------
[INFO] 
[INFO] --- clean:3.3.2:clean (default-clean) @ vendor-management ---
[INFO] Deleting C:\Users\Stalin rao\OneDrive\Documents\vendor-management\target
[INFO] ------------------------------------------------------------------------
[INFO] BUILD FAILURE
[INFO] ------------------------------------------------------------------------
[INFO] Total time:  2.532 s
[INFO] Finished at: 2026-03-23T10:56:05+05:30
[INFO] ------------------------------------------------------------------------
[ERROR] Failed to execute goal org.apache.maven.plugins:maven-clean-plugin:3.3.2:clean (default-clean) on project vendor-management: Failed to clean project: Failed to delete C:\Users\Stalin rao\OneDrive\Documents\vendor-management\target\test-classes -> [Help 1]
[ERROR] 
[ERROR] To see the full stack trace of the errors, re-run Maven with the -e switch.
[ERROR] Re-run Maven using the -X switch to enable full debug logging.
[ERROR] 
[ERROR] For more information about the errors and possible solutions, please read the following articles:
[ERROR] [Help 1] http://cwiki.apache.org/confluence/display/MAVEN/MojoExecutionException
