[INFO] Scanning for projects...
[INFO] 
[INFO] ---------------------< com.vms:vendor-management >----------------------
[INFO] Building vendor-management 1.0
[INFO]   from pom.xml
[INFO] --------------------------------[ jar ]---------------------------------
[INFO] 
[INFO] >>> spring-boot:3.2.0:run (default-cli) > test-compile @ vendor-management >>>
[INFO] 
[INFO] --- resources:3.3.1:resources (default-resources) @ vendor-management ---
[INFO] Copying 3 resources from src\main\resources to target\classes
[INFO] Copying 8 resources from src\main\resources to target\classes
[INFO] 
[INFO] --- compiler:3.11.0:compile (default-compile) @ vendor-management ---
[INFO] Nothing to compile - all classes are up to date
[INFO] 
[INFO] --- resources:3.3.1:testResources (default-testResources) @ vendor-management ---
[INFO] skip non existing resourceDirectory C:\Users\Stalin rao\OneDrive\Documents\vendor-management\src\test\resources
[INFO] 
[INFO] --- compiler:3.11.0:testCompile (default-testCompile) @ vendor-management ---
[INFO] Nothing to compile - all classes are up to date
[INFO] 
[INFO] <<< spring-boot:3.2.0:run (default-cli) < test-compile @ vendor-management <<<
[INFO] 
[INFO] 
[INFO] --- spring-boot:3.2.0:run (default-cli) @ vendor-management ---
[INFO] Attaching agents: []

  .   ____          _            __ _ _
 /\\ / ___'_ __ _ _(_)_ __  __ _ \ \ \ \
( ( )\___ | '_ | '_| | '_ \/ _` | \ \ \ \
 \\/  ___)| |_)| | | | | || (_| |  ) ) ) )
  '  |____| .__|_| |_|_| |_\__, | / / / /
 =========|_|==============|___/=/_/_/_/
 :: Spring Boot ::                (v3.2.0)

2026-03-23T11:21:15.516+05:30  INFO 35584 --- [           main] c.v.v.VendorManagementApplication        : Starting VendorManagementApplication using Java 25.0.2 with PID 35584 (C:\Users\Stalin rao\OneDrive\Documents\vendor-management\target\classes started by Stalin rao in C:\Users\Stalin rao\OneDrive\Documents\vendor-management)
2026-03-23T11:21:15.523+05:30  INFO 35584 --- [           main] c.v.v.VendorManagementApplication        : The following 1 profile is active: "dev"
2026-03-23T11:21:16.554+05:30  INFO 35584 --- [           main] .s.d.r.c.RepositoryConfigurationDelegate : Bootstrapping Spring Data JPA repositories in DEFAULT mode.
2026-03-23T11:21:16.716+05:30  INFO 35584 --- [           main] .s.d.r.c.RepositoryConfigurationDelegate : Finished Spring Data repository scanning in 149 ms. Found 10 JPA repository interfaces.
WARNING: A restricted method in java.lang.System has been called
WARNING: java.lang.System::load has been called by org.apache.tomcat.jni.Library in an unnamed module (file:/C:/Users/Stalin%20rao/.m2/repository/org/apache/tomcat/embed/tomcat-embed-core/10.1.16/tomcat-embed-core-10.1.16.jar)
WARNING: Use --enable-native-access=ALL-UNNAMED to avoid a warning for callers in this module
WARNING: Restricted methods will be blocked in a future release unless native access is enabled

2026-03-23T11:21:17.680+05:30  INFO 35584 --- [           main] o.s.b.w.embedded.tomcat.TomcatWebServer  : Tomcat initialized with port 8080 (http)
2026-03-23T11:21:17.697+05:30  INFO 35584 --- [           main] o.apache.catalina.core.StandardService   : Starting service [Tomcat]
2026-03-23T11:21:17.697+05:30  INFO 35584 --- [           main] o.apache.catalina.core.StandardEngine    : Starting Servlet engine: [Apache Tomcat/10.1.16]
2026-03-23T11:21:17.835+05:30  INFO 35584 --- [           main] o.a.c.c.C.[Tomcat].[localhost].[/]       : Initializing Spring embedded WebApplicationContext
2026-03-23T11:21:17.836+05:30  INFO 35584 --- [           main] w.s.c.ServletWebServerApplicationContext : Root WebApplicationContext: initialization completed in 2211 ms
2026-03-23T11:21:17.875+05:30  INFO 35584 --- [           main] com.zaxxer.hikari.HikariDataSource       : HikariPool-1 - Starting...
2026-03-23T11:21:18.176+05:30  INFO 35584 --- [           main] com.zaxxer.hikari.pool.HikariPool        : HikariPool-1 - Added connection conn0: url=jdbc:h2:mem:testdb user=SA
2026-03-23T11:21:18.177+05:30  INFO 35584 --- [           main] com.zaxxer.hikari.HikariDataSource       : HikariPool-1 - Start completed.
2026-03-23T11:21:18.191+05:30  INFO 35584 --- [           main] o.s.b.a.h2.H2ConsoleAutoConfiguration    : H2 console available at '/h2-console'. Database available at 'jdbc:h2:mem:testdb'
2026-03-23T11:21:18.333+05:30  INFO 35584 --- [           main] o.hibernate.jpa.internal.util.LogHelper  : HHH000204: Processing PersistenceUnitInfo [name: default]
2026-03-23T11:21:18.410+05:30  INFO 35584 --- [           main] org.hibernate.Version                    : HHH000412: Hibernate ORM core version 6.3.1.Final
2026-03-23T11:21:18.444+05:30  INFO 35584 --- [           main] o.h.c.internal.RegionFactoryInitiator    : HHH000026: Second-level cache disabled
2026-03-23T11:21:18.734+05:30  INFO 35584 --- [           main] o.s.o.j.p.SpringPersistenceUnitInfo      : No LoadTimeWeaver setup: ignoring JPA class transformer
2026-03-23T11:21:18.798+05:30  WARN 35584 --- [           main] org.hibernate.orm.deprecation            : HHH90000025: H2Dialect does not need to be specified explicitly using 'hibernate.dialect' (remove the property setting and it will be selected by default)
2026-03-23T11:21:20.335+05:30  INFO 35584 --- [           main] o.h.e.t.j.p.i.JtaPlatformInitiator       : HHH000489: No JTA platform available (set 'hibernate.transaction.jta.platform' to enable JTA platform integration)
Hibernate: 
    create table contracts (
        id bigint generated by default as identity,
        end_date date not null,
        start_date date not null,
        terms varchar(1000),
        title varchar(255) not null,
        contract_value numeric(12,2) not null,
        vendor_id bigint not null,
        primary key (id)
    )
Hibernate: 
    create table delivery_tracking (
        id bigint generated by default as identity,
        created_at timestamp(6),
        description varchar(500),
        location varchar(255),
        status varchar(255) not null,
        timestamp timestamp(6),
        updated_by varchar(255),
        purchase_order_id bigint not null,
        primary key (id)
    )
Hibernate: 
    create table invoices (
        id bigint generated by default as identity,
        amount numeric(12,2) not null,
        approved_at timestamp(6),
        created_at timestamp(6),
        description varchar(1000),
        due_date date not null,
        invoice_date date not null,
        invoice_file_path varchar(255),
        invoice_number varchar(255) not null,
        notes varchar(255),
        paid_at timestamp(6),
        payment_date date,
        payment_method varchar(255),
        rejected_at timestamp(6),
        rejection_reason varchar(500),
        status varchar(255) not null check (status in ('DRAFT','SUBMITTED','PENDING_APPROVAL','APPROVED','PAID','OVERDUE','CANCELLED')),
        submitted_at timestamp(6),
        tax_amount numeric(12,2),
        total_amount numeric(12,2),
        transaction_reference varchar(255),
        updated_at timestamp(6),
        approved_by_user_id bigint,
        created_by_user_id bigint not null,
        paid_by_user_id bigint,
        purchase_order_id bigint not null,
        rejected_by_user_id bigint,
        vendor_id bigint not null,
        primary key (id)
    )
Hibernate: 
    create table notifications (
        id bigint generated by default as identity,
        action_url varchar(255),
        created_at timestamp(6),
        important boolean,
        message TEXT,
        read boolean,
        read_at timestamp(6),
        title varchar(200) not null,
        type varchar(255) not null check (type in ('PO_CREATED','PO_APPROVED','PO_CANCELLED','DELIVERY_UPDATE','INVOICE_SUBMITTED','PAYMENT_APPROVED','PAYMENT_COMPLETED','CONTRACT_EXPIRY','CONTRACT_RENEWAL','VENDOR_APPROVAL','VENDOR_REJECTION','SYSTEM_ALERT')),
        user_id bigint not null,
        primary key (id)
    )
Hibernate: 
    create table performance_records (
        id bigint generated by default as identity,
        comments varchar(500),
        created_at timestamp(6),
        delivery_score integer not null,
        evaluation_date date not null,
        overall_score float(10) not null,
        quality_score integer not null,
        service_score integer not null,
        updated_at timestamp(6),
        vendor_id bigint not null,
        primary key (id)
    )
Hibernate: 
    create table purchase_orders (
        id bigint generated by default as identity,
        actual_delivery_date date,
        approval_notes varchar(255),
        approved_at timestamp(6),
        cancellation_reason varchar(500),
        cancelled_at timestamp(6),
        carrier varchar(255),
        completed_at timestamp(6),
        created_at timestamp(6),
        delivery_address varchar(500),
        delivery_instructions varchar(255),
        description varchar(1000),
        expected_delivery_date date,
        order_date date not null,
        po_number varchar(255) not null,
        priority_level varchar(255),
        sent_to_vendor_at timestamp(6),
        status varchar(255) not null check (status in ('DRAFT','PENDING_APPROVAL','APPROVED','SENT_TO_VENDOR','IN_PROGRESS','DELIVERED','COMPLETED','CANCELLED')),
        total_amount numeric(12,2) not null,
        tracking_number varchar(255),
        updated_at timestamp(6),
        urgent boolean,
        approved_by_user_id bigint,
        cancelled_by_user_id bigint,
        created_by_user_id bigint not null,
        vendor_id bigint not null,
        primary key (id)
    )
Hibernate: 
    create table purchase_requests (
        id bigint generated by default as identity,
        description TEXT,
        request_date date not null,
        requested_amount float(53) not null,
        status varchar(255) not null check (status in ('PENDING','APPROVED','REJECTED')),
        title varchar(255) not null,
        created_by_id bigint not null,
        vendor_id bigint,
        primary key (id)
    )
Hibernate: 
    create table users (
        id bigint generated by default as identity,
        active boolean not null,
        created_at timestamp(6),
        department varchar(255),
        designation varchar(255),
        email varchar(255) not null,
        email_verified boolean,
        full_name varchar(255),
        last_login timestamp(6),
        locked_until timestamp(6),
        login_attempts integer,
        password varchar(255) not null,
        password_changed_at timestamp(6),
        phone_number varchar(255),
        role varchar(255) not null check (role in ('ADMIN','PROCUREMENT_MANAGER','VENDOR','FINANCE_TEAM')),
        updated_at timestamp(6),
        username varchar(255) not null,
        verification_token varchar(255),
        primary key (id)
    )
Hibernate: 
    create table vendor_transactions (
        id bigint generated by default as identity,
        amount numeric(12,2) not null,
        reference varchar(255),
        status varchar(255) not null,
        transaction_date date not null,
        type varchar(255) not null,
        vendor_id bigint not null,
        primary key (id)
    )
Hibernate: 
    create table vendors (
        id bigint generated by default as identity,
        active boolean not null,
        address varchar(1000) not null,
        approval_date date,
        bank_account_number varchar(255),
        bank_branch varchar(255),
        bank_name varchar(255),
        category varchar(255) not null check (category in ('IT_SERVICES','LOGISTICS','MATERIALS','MANUFACTURING','CONSULTING','FACILITIES','MARKETING','FINANCIAL','HUMAN_RESOURCES','LEGAL','HEALTHCARE','EDUCATION','RETAIL','HOSPITALITY','ENERGY')),
        city varchar(255) not null,
        company_name varchar(255) not null,
        contact_designation varchar(255),
        contact_person varchar(255),
        country varchar(255) not null,
        delivery_performance integer,
        document_path varchar(255),
        email varchar(255) not null,
        gst_number varchar(255) not null,
        ifsc_code varchar(255),
        name varchar(255) not null,
        notes varchar(255),
        pan_number varchar(255) not null,
        payment numeric(12,2) not null,
        performance varchar(500),
        phone varchar(255) not null,
        pincode varchar(255) not null,
        rating integer,
        registration_date date,
        risk_level varchar(255),
        service_type varchar(255) not null,
        state varchar(255) not null,
        status varchar(255) not null check (status in ('PENDING_APPROVAL','APPROVED','REJECTED','SUSPENDED','BLACKLISTED','INACTIVE')),
        total_payment_history numeric(38,2),
        total_reviews integer,
        website varchar(255),
        primary key (id)
    )
Hibernate: 
    alter table if exists invoices 
       drop constraint if exists UK_l1x55mfsay7co0r3m9ynvipd5
Hibernate: 
    alter table if exists invoices 
       add constraint UK_l1x55mfsay7co0r3m9ynvipd5 unique (invoice_number)
Hibernate: 
    alter table if exists purchase_orders 
       drop constraint if exists UK_pbiykvcpyg0jslne4gviyeuc2
Hibernate: 
    alter table if exists purchase_orders 
       add constraint UK_pbiykvcpyg0jslne4gviyeuc2 unique (po_number)
Hibernate: 
    alter table if exists users 
       drop constraint if exists UK_6dotkott2kjsp8vw4d0m25fb7
Hibernate: 
    alter table if exists users 
       add constraint UK_6dotkott2kjsp8vw4d0m25fb7 unique (email)
Hibernate: 
    alter table if exists users 
       drop constraint if exists UK_r43af9ap4edm43mmtq01oddj6
Hibernate: 
    alter table if exists users 
       add constraint UK_r43af9ap4edm43mmtq01oddj6 unique (username)
Hibernate: 
    alter table if exists vendors 
       drop constraint if exists UK_8xmc0rpdougqaftbgr1s2tolo
Hibernate: 
    alter table if exists vendors 
       add constraint UK_8xmc0rpdougqaftbgr1s2tolo unique (email)
Hibernate: 
    alter table if exists vendors 
       drop constraint if exists UK_btt0grbwksbfxactv71cvm3mw
Hibernate: 
    alter table if exists vendors 
       add constraint UK_btt0grbwksbfxactv71cvm3mw unique (gst_number)
Hibernate: 
    alter table if exists vendors 
       drop constraint if exists UK_cfihxikme85hnjs9hu54sywqd
Hibernate: 
    alter table if exists vendors 
       add constraint UK_cfihxikme85hnjs9hu54sywqd unique (pan_number)
Hibernate: 
    alter table if exists contracts 
       add constraint FK7btrf285yn8cvvjndcnex8p6h 
       foreign key (vendor_id) 
       references vendors
Hibernate: 
    alter table if exists delivery_tracking 
       add constraint FKp6suosnl2drcavsxd5tn9sah6 
       foreign key (purchase_order_id) 
       references purchase_orders
Hibernate: 
    alter table if exists invoices 
       add constraint FKqlhu6n4skvuhnfsjhfnmx2u7r 
       foreign key (approved_by_user_id) 
       references users
Hibernate: 
    alter table if exists invoices 
       add constraint FKfjkha4bd3ckx2ru4xnvneom4n 
       foreign key (created_by_user_id) 
       references users
Hibernate: 
    alter table if exists invoices 
       add constraint FKog4vhmjhjywe3hpt9ur28fksa 
       foreign key (paid_by_user_id) 
       references users
Hibernate: 
    alter table if exists invoices 
       add constraint FKbngycb9k1ijfur8dmqgqjup1o 
       foreign key (purchase_order_id) 
       references purchase_orders
Hibernate: 
    alter table if exists invoices 
       add constraint FKhxwcxfu1hyodkl9g4pt9rnc5r 
       foreign key (rejected_by_user_id) 
       references users
Hibernate: 
    alter table if exists invoices 
       add constraint FKl5vl2l7vh178as7kfsmnwvdyu 
       foreign key (vendor_id) 
       references vendors
Hibernate: 
    alter table if exists notifications 
       add constraint FK9y21adhxn0ayjhfocscqox7bh 
       foreign key (user_id) 
       references users
Hibernate: 
    alter table if exists performance_records 
       add constraint FKauqcl10pyw5nhtosy4f5a4e0a 
       foreign key (vendor_id) 
       references vendors
Hibernate: 
    alter table if exists purchase_orders 
       add constraint FKglkxrxmqwafek8l9xv1phi72o 
       foreign key (approved_by_user_id) 
       references users
Hibernate: 
    alter table if exists purchase_orders 
       add constraint FKa6qjkee0fsvbrhl65q4vkl709 
       foreign key (cancelled_by_user_id) 
       references users
Hibernate: 
    alter table if exists purchase_orders 
       add constraint FKsnldca8ivox9hh7rk4musap97 
       foreign key (created_by_user_id) 
       references users
Hibernate: 
    alter table if exists purchase_orders 
       add constraint FKn3rssy7613r6x49ax30e2nbay 
       foreign key (vendor_id) 
       references vendors
Hibernate: 
    alter table if exists purchase_requests 
       add constraint FKwtbcpkr4j6u245hc1wcrb7yj 
       foreign key (created_by_id) 
       references users
Hibernate: 
    alter table if exists purchase_requests 
       add constraint FKpul8t0gqu8qd5ltr4imt9rqov 
       foreign key (vendor_id) 
       references vendors
Hibernate: 
    alter table if exists vendor_transactions 
       add constraint FKl167g7ytdfd28y02b49hjlofu 
       foreign key (vendor_id) 
       references vendors
2026-03-23T11:21:20.493+05:30  INFO 35584 --- [           main] j.LocalContainerEntityManagerFactoryBean : Initialized JPA EntityManagerFactory for persistence unit 'default'
2026-03-23T11:21:20.870+05:30  INFO 35584 --- [           main] o.s.d.j.r.query.QueryEnhancerFactory     : Hibernate is in classpath; If applicable, HQL parser will be used.
2026-03-23T11:21:21.741+05:30  WARN 35584 --- [           main] JpaBaseConfiguration$JpaWebConfiguration : spring.jpa.open-in-view is enabled by default. Therefore, database queries may be performed during view rendering. Explicitly configure spring.jpa.open-in-view to disable this warning
2026-03-23T11:21:22.179+05:30  INFO 35584 --- [           main] o.s.s.web.DefaultSecurityFilterChain     : Will secure any request with [org.springframework.security.web.session.DisableEncodeUrlFilter@106c4a72, org.springframework.security.web.context.request.async.WebAsyncManagerIntegrationFilter@3d2e1d18, org.springframework.security.web.context.SecurityContextHolderFilter@6a8a54f5, org.springframework.security.web.header.HeaderWriterFilter@1ea6446b, org.springframework.web.filter.CorsFilter@12b9d405, org.springframework.security.web.authentication.logout.LogoutFilter@18b77ec9, org.springframework.security.web.authentication.UsernamePasswordAuthenticationFilter@8dcc25, org.springframework.security.web.authentication.www.BasicAuthenticationFilter@7b0a864e, org.springframework.security.web.savedrequest.RequestCacheAwareFilter@7c7335dc, org.springframework.security.web.servletapi.SecurityContextHolderAwareRequestFilter@3095e9c6, org.springframework.security.web.authentication.AnonymousAuthenticationFilter@402d443d, org.springframework.security.web.access.ExceptionTranslationFilter@424769f2, org.springframework.security.web.access.intercept.AuthorizationFilter@5a32ab89]
2026-03-23T11:21:22.746+05:30  INFO 35584 --- [           main] o.s.b.w.embedded.tomcat.TomcatWebServer  : Tomcat started on port 8080 (http) with context path ''
2026-03-23T11:21:22.759+05:30  INFO 35584 --- [           main] c.v.v.VendorManagementApplication        : Started VendorManagementApplication in 7.84 seconds (process running for 8.359)
Hibernate: 
    select
        count(*) 
    from
        users u1_0
Hibernate: 
    insert 
    into
        users
        (active, created_at, department, designation, email, email_verified, full_name, last_login, locked_until, login_attempts, password, password_changed_at, phone_number, role, updated_at, username, verification_token, id) 
    values
        (?, ?, ?, ?, ?, ?, ?, ?, ?, ?, ?, ?, ?, ?, ?, ?, ?, default)
Hibernate: 
    insert 
    into
        users
        (active, created_at, department, designation, email, email_verified, full_name, last_login, locked_until, login_attempts, password, password_changed_at, phone_number, role, updated_at, username, verification_token, id) 
    values
        (?, ?, ?, ?, ?, ?, ?, ?, ?, ?, ?, ?, ?, ?, ?, ?, ?, default)
Hibernate: 
    insert 
    into
        users
        (active, created_at, department, designation, email, email_verified, full_name, last_login, locked_until, login_attempts, password, password_changed_at, phone_number, role, updated_at, username, verification_token, id) 
    values
        (?, ?, ?, ?, ?, ?, ?, ?, ?, ?, ?, ?, ?, ?, ?, ?, ?, default)
Hibernate: 
    select
        count(*) 
    from
        vendors v1_0
2026-03-23T11:21:23.158+05:30  INFO 35584 --- [           main] .s.b.a.l.ConditionEvaluationReportLogger : 

Error starting ApplicationContext. To display the condition evaluation report re-run your application with 'debug' enabled.
2026-03-23T11:21:23.190+05:30 ERROR 35584 --- [           main] o.s.boot.SpringApplication               : Application run failed

java.lang.IllegalStateException: Failed to execute CommandLineRunner
	at org.springframework.boot.SpringApplication.callRunner(SpringApplication.java:789) ~[spring-boot-3.2.0.jar:3.2.0]
	at org.springframework.boot.SpringApplication.lambda$callRunners$3(SpringApplication.java:770) ~[spring-boot-3.2.0.jar:3.2.0]
	at java.base/java.util.stream.ForEachOps$ForEachOp$OfRef.accept(ForEachOps.java:186) ~[na:na]
	at java.base/java.util.stream.SortedOps$SizedRefSortingSink.end(SortedOps.java:357) ~[na:na]
	at java.base/java.util.stream.AbstractPipeline.copyInto(AbstractPipeline.java:571) ~[na:na]
	at java.base/java.util.stream.AbstractPipeline.wrapAndCopyInto(AbstractPipeline.java:560) ~[na:na]
	at java.base/java.util.stream.ForEachOps$ForEachOp.evaluateSequential(ForEachOps.java:153) ~[na:na]
	at java.base/java.util.stream.ForEachOps$ForEachOp$OfRef.evaluateSequential(ForEachOps.java:176) ~[na:na]
	at java.base/java.util.stream.AbstractPipeline.evaluate(AbstractPipeline.java:265) ~[na:na]
	at java.base/java.util.stream.ReferencePipeline.forEach(ReferencePipeline.java:632) ~[na:na]
	at org.springframework.boot.SpringApplication.callRunners(SpringApplication.java:765) ~[spring-boot-3.2.0.jar:3.2.0]
	at org.springframework.boot.SpringApplication.run(SpringApplication.java:330) ~[spring-boot-3.2.0.jar:3.2.0]
	at org.springframework.boot.SpringApplication.run(SpringApplication.java:1342) ~[spring-boot-3.2.0.jar:3.2.0]
	at org.springframework.boot.SpringApplication.run(SpringApplication.java:1331) ~[spring-boot-3.2.0.jar:3.2.0]
	at com.vms.vendor_management.VendorManagementApplication.main(VendorManagementApplication.java:10) ~[classes/:na]
Caused by: jakarta.validation.ConstraintViolationException: Validation failed for classes [com.vms.vendor_management.model.Vendor] during persist time for groups [jakarta.validation.groups.Default, ]
List of constraint violations:[
	ConstraintViolationImpl{interpolatedMessage='State is required', propertyPath=state, rootBeanClass=class com.vms.vendor_management.model.Vendor, messageTemplate='State is required'}
	ConstraintViolationImpl{interpolatedMessage='Payment amount is required', propertyPath=payment, rootBeanClass=class com.vms.vendor_management.model.Vendor, messageTemplate='Payment amount is required'}
	ConstraintViolationImpl{interpolatedMessage='PAN number is required', propertyPath=panNumber, rootBeanClass=class com.vms.vendor_management.model.Vendor, messageTemplate='PAN number is required'}
	ConstraintViolationImpl{interpolatedMessage='Country is required', propertyPath=country, rootBeanClass=class com.vms.vendor_management.model.Vendor, messageTemplate='Country is required'}
	ConstraintViolationImpl{interpolatedMessage='GST number is required', propertyPath=gstNumber, rootBeanClass=class com.vms.vendor_management.model.Vendor, messageTemplate='GST number is required'}
	ConstraintViolationImpl{interpolatedMessage='City is required', propertyPath=city, rootBeanClass=class com.vms.vendor_management.model.Vendor, messageTemplate='City is required'}
	ConstraintViolationImpl{interpolatedMessage='Company name is required', propertyPath=companyName, rootBeanClass=class com.vms.vendor_management.model.Vendor, messageTemplate='Company name is required'}
	ConstraintViolationImpl{interpolatedMessage='Vendor category is required', propertyPath=category, rootBeanClass=class com.vms.vendor_management.model.Vendor, messageTemplate='Vendor category is required'}
	ConstraintViolationImpl{interpolatedMessage='Pincode is required', propertyPath=pincode, rootBeanClass=class com.vms.vendor_management.model.Vendor, messageTemplate='Pincode is required'}
	ConstraintViolationImpl{interpolatedMessage='Address is required', propertyPath=address, rootBeanClass=class com.vms.vendor_management.model.Vendor, messageTemplate='Address is required'}
]
	at org.hibernate.boot.beanvalidation.BeanValidationEventListener.validate(BeanValidationEventListener.java:151) ~[hibernate-core-6.3.1.Final.jar:6.3.1.Final]
	at org.hibernate.boot.beanvalidation.BeanValidationEventListener.onPreInsert(BeanValidationEventListener.java:81) ~[hibernate-core-6.3.1.Final.jar:6.3.1.Final]
	at org.hibernate.action.internal.EntityIdentityInsertAction.preInsert(EntityIdentityInsertAction.java:186) ~[hibernate-core-6.3.1.Final.jar:6.3.1.Final]
	at org.hibernate.action.internal.EntityIdentityInsertAction.execute(EntityIdentityInsertAction.java:75) ~[hibernate-core-6.3.1.Final.jar:6.3.1.Final]
	at org.hibernate.engine.spi.ActionQueue.execute(ActionQueue.java:667) ~[hibernate-core-6.3.1.Final.jar:6.3.1.Final]
	at org.hibernate.engine.spi.ActionQueue.addResolvedEntityInsertAction(ActionQueue.java:290) ~[hibernate-core-6.3.1.Final.jar:6.3.1.Final]
	at org.hibernate.engine.spi.ActionQueue.addInsertAction(ActionQueue.java:271) ~[hibernate-core-6.3.1.Final.jar:6.3.1.Final]
	at org.hibernate.engine.spi.ActionQueue.addAction(ActionQueue.java:321) ~[hibernate-core-6.3.1.Final.jar:6.3.1.Final]
	at org.hibernate.event.internal.AbstractSaveEventListener.addInsertAction(AbstractSaveEventListener.java:386) ~[hibernate-core-6.3.1.Final.jar:6.3.1.Final]
	at org.hibernate.event.internal.AbstractSaveEventListener.performSaveOrReplicate(AbstractSaveEventListener.java:300) ~[hibernate-core-6.3.1.Final.jar:6.3.1.Final]
	at org.hibernate.event.internal.AbstractSaveEventListener.performSave(AbstractSaveEventListener.java:219) ~[hibernate-core-6.3.1.Final.jar:6.3.1.Final]
	at org.hibernate.event.internal.AbstractSaveEventListener.saveWithGeneratedId(AbstractSaveEventListener.java:134) ~[hibernate-core-6.3.1.Final.jar:6.3.1.Final]
	at org.hibernate.event.internal.DefaultPersistEventListener.entityIsTransient(DefaultPersistEventListener.java:175) ~[hibernate-core-6.3.1.Final.jar:6.3.1.Final]
	at org.hibernate.event.internal.DefaultPersistEventListener.persist(DefaultPersistEventListener.java:93) ~[hibernate-core-6.3.1.Final.jar:6.3.1.Final]
	at org.hibernate.event.internal.DefaultPersistEventListener.onPersist(DefaultPersistEventListener.java:77) ~[hibernate-core-6.3.1.Final.jar:6.3.1.Final]
	at org.hibernate.event.internal.DefaultPersistEventListener.onPersist(DefaultPersistEventListener.java:54) ~[hibernate-core-6.3.1.Final.jar:6.3.1.Final]
	at org.hibernate.event.service.internal.EventListenerGroupImpl.fireEventOnEachListener(EventListenerGroupImpl.java:127) ~[hibernate-core-6.3.1.Final.jar:6.3.1.Final]
	at org.hibernate.internal.SessionImpl.firePersist(SessionImpl.java:766) ~[hibernate-core-6.3.1.Final.jar:6.3.1.Final]
	at org.hibernate.internal.SessionImpl.persist(SessionImpl.java:750) ~[hibernate-core-6.3.1.Final.jar:6.3.1.Final]
	at java.base/jdk.internal.reflect.DirectMethodHandleAccessor.invoke(DirectMethodHandleAccessor.java:104) ~[na:na]
	at java.base/java.lang.reflect.Method.invoke(Method.java:565) ~[na:na]
	at org.springframework.orm.jpa.SharedEntityManagerCreator$SharedEntityManagerInvocationHandler.invoke(SharedEntityManagerCreator.java:311) ~[spring-orm-6.1.1.jar:6.1.1]
	at jdk.proxy2/jdk.proxy2.$Proxy128.persist(Unknown Source) ~[na:na]
	at org.springframework.data.jpa.repository.support.SimpleJpaRepository.save(SimpleJpaRepository.java:618) ~[spring-data-jpa-3.2.0.jar:3.2.0]
	at java.base/jdk.internal.reflect.DirectMethodHandleAccessor.invoke(DirectMethodHandleAccessor.java:104) ~[na:na]
	at java.base/java.lang.reflect.Method.invoke(Method.java:565) ~[na:na]
	at org.springframework.aop.support.AopUtils.invokeJoinpointUsingReflection(AopUtils.java:352) ~[spring-aop-6.1.1.jar:6.1.1]
	at org.springframework.data.repository.core.support.RepositoryMethodInvoker$RepositoryFragmentMethodInvoker.lambda$new$0(RepositoryMethodInvoker.java:277) ~[spring-data-commons-3.2.0.jar:3.2.0]
	at org.springframework.data.repository.core.support.RepositoryMethodInvoker.doInvoke(RepositoryMethodInvoker.java:170) ~[spring-data-commons-3.2.0.jar:3.2.0]
	at org.springframework.data.repository.core.support.RepositoryMethodInvoker.invoke(RepositoryMethodInvoker.java:158) ~[spring-data-commons-3.2.0.jar:3.2.0]
	at org.springframework.data.repository.core.support.RepositoryComposition$RepositoryFragments.invoke(RepositoryComposition.java:516) ~[spring-data-commons-3.2.0.jar:3.2.0]
	at org.springframework.data.repository.core.support.RepositoryComposition.invoke(RepositoryComposition.java:285) ~[spring-data-commons-3.2.0.jar:3.2.0]
	at org.springframework.data.repository.core.support.RepositoryFactorySupport$ImplementationMethodExecutionInterceptor.invoke(RepositoryFactorySupport.java:628) ~[spring-data-commons-3.2.0.jar:3.2.0]
	at org.springframework.aop.framework.ReflectiveMethodInvocation.proceed(ReflectiveMethodInvocation.java:184) ~[spring-aop-6.1.1.jar:6.1.1]
	at org.springframework.data.repository.core.support.QueryExecutorMethodInterceptor.doInvoke(QueryExecutorMethodInterceptor.java:168) ~[spring-data-commons-3.2.0.jar:3.2.0]
	at org.springframework.data.repository.core.support.QueryExecutorMethodInterceptor.invoke(QueryExecutorMethodInterceptor.java:143) ~[spring-data-commons-3.2.0.jar:3.2.0]
	at org.springframework.aop.framework.ReflectiveMethodInvocation.proceed(ReflectiveMethodInvocation.java:184) ~[spring-aop-6.1.1.jar:6.1.1]
	at org.springframework.data.projection.DefaultMethodInvokingMethodInterceptor.invoke(DefaultMethodInvokingMethodInterceptor.java:70) ~[spring-data-commons-3.2.0.jar:3.2.0]
	at org.springframework.aop.framework.ReflectiveMethodInvocation.proceed(ReflectiveMethodInvocation.java:184) ~[spring-aop-6.1.1.jar:6.1.1]
	at org.springframework.transaction.interceptor.TransactionInterceptor$1.proceedWithInvocation(TransactionInterceptor.java:123) ~[spring-tx-6.1.1.jar:6.1.1]
	at org.springframework.transaction.interceptor.TransactionAspectSupport.invokeWithinTransaction(TransactionAspectSupport.java:385) ~[spring-tx-6.1.1.jar:6.1.1]
	at org.springframework.transaction.interceptor.TransactionInterceptor.invoke(TransactionInterceptor.java:119) ~[spring-tx-6.1.1.jar:6.1.1]
	at org.springframework.aop.framework.ReflectiveMethodInvocation.proceed(ReflectiveMethodInvocation.java:184) ~[spring-aop-6.1.1.jar:6.1.1]
	at org.springframework.dao.support.PersistenceExceptionTranslationInterceptor.invoke(PersistenceExceptionTranslationInterceptor.java:137) ~[spring-tx-6.1.1.jar:6.1.1]
	at org.springframework.aop.framework.ReflectiveMethodInvocation.proceed(ReflectiveMethodInvocation.java:184) ~[spring-aop-6.1.1.jar:6.1.1]
	at org.springframework.data.jpa.repository.support.CrudMethodMetadataPostProcessor$CrudMethodMetadataPopulatingMethodInterceptor.invoke(CrudMethodMetadataPostProcessor.java:164) ~[spring-data-jpa-3.2.0.jar:3.2.0]
	at org.springframework.aop.framework.ReflectiveMethodInvocation.proceed(ReflectiveMethodInvocation.java:184) ~[spring-aop-6.1.1.jar:6.1.1]
	at org.springframework.aop.interceptor.ExposeInvocationInterceptor.invoke(ExposeInvocationInterceptor.java:97) ~[spring-aop-6.1.1.jar:6.1.1]
	at org.springframework.aop.framework.ReflectiveMethodInvocation.proceed(ReflectiveMethodInvocation.java:184) ~[spring-aop-6.1.1.jar:6.1.1]
	at org.springframework.aop.framework.JdkDynamicAopProxy.invoke(JdkDynamicAopProxy.java:249) ~[spring-aop-6.1.1.jar:6.1.1]
	at jdk.proxy2/jdk.proxy2.$Proxy135.save(Unknown Source) ~[na:na]
	at com.vms.vendor_management.config.DatabaseSeeder.run(DatabaseSeeder.java:65) ~[classes/:na]
	at org.springframework.boot.SpringApplication.callRunner(SpringApplication.java:786) ~[spring-boot-3.2.0.jar:3.2.0]
	... 14 common frames omitted

2026-03-23T11:21:23.227+05:30  INFO 35584 --- [           main] j.LocalContainerEntityManagerFactoryBean : Closing JPA EntityManagerFactory for persistence unit 'default'
2026-03-23T11:21:23.230+05:30  INFO 35584 --- [           main] com.zaxxer.hikari.HikariDataSource       : HikariPool-1 - Shutdown initiated...
2026-03-23T11:21:23.232+05:30  INFO 35584 --- [           main] com.zaxxer.hikari.HikariDataSource       : HikariPool-1 - Shutdown completed.
[INFO] ------------------------------------------------------------------------
[INFO] BUILD FAILURE
[INFO] ------------------------------------------------------------------------
[INFO] Total time:  12.241 s
[INFO] Finished at: 2026-03-23T11:21:23+05:30
[INFO] ------------------------------------------------------------------------
[ERROR] Failed to execute goal org.springframework.boot:spring-boot-maven-plugin:3.2.0:run (default-cli) on project vendor-management: Process terminated with exit code: 1 -> [Help 1]
[ERROR] 
[ERROR] To see the full stack trace of the errors, re-run Maven with the -e switch.
[ERROR] Re-run Maven using the -X switch to enable full debug logging.
[ERROR] 
[ERROR] For more information about the errors and possible solutions, please read the following articles:
[ERROR] [Help 1] http://cwiki.apache.org/confluence/display/MAVEN/MojoExecutionException
