[INFO] Scanning for projects...
[INFO] 
[INFO] ---------------------< com.vms:vendor-management >----------------------
[INFO] Building vendor-management 1.0
[INFO]   from pom.xml
[INFO] --------------------------------[ jar ]---------------------------------
[INFO] 
[INFO] >>> spring-boot:3.2.0:run (default-cli) > test-compile @ vendor-management >>>
[INFO] 
[INFO] --- resources:3.3.1:resources (default-resources) @ vendor-management ---
[INFO] Copying 3 resources from src\main\resources to target\classes
[INFO] Copying 1 resource from src\main\resources to target\classes
[INFO] 
[INFO] --- compiler:3.11.0:compile (default-compile) @ vendor-management ---
[INFO] Nothing to compile - all classes are up to date
[INFO] 
[INFO] --- resources:3.3.1:testResources (default-testResources) @ vendor-management ---
[INFO] skip non existing resourceDirectory C:\Users\Stalin rao\OneDrive\Documents\vendor-management\backend\src\test\resources
[INFO] 
[INFO] --- compiler:3.11.0:testCompile (default-testCompile) @ vendor-management ---
[INFO] Nothing to compile - all classes are up to date
[INFO] 
[INFO] <<< spring-boot:3.2.0:run (default-cli) < test-compile @ vendor-management <<<
[INFO] 
[INFO] 
[INFO] --- spring-boot:3.2.0:run (default-cli) @ vendor-management ---
[INFO] Attaching agents: []

  .   ____          _            __ _ _
 /\\ / ___'_ __ _ _(_)_ __  __ _ \ \ \ \
( ( )\___ | '_ | '_| | '_ \/ _` | \ \ \ \
 \\/  ___)| |_)| | | | | || (_| |  ) ) ) )
  '  |____| .__|_| |_|_| |_\__, | / / / /
 =========|_|==============|___/=/_/_/_/
 :: Spring Boot ::                (v3.2.0)

2026-03-23T14:55:41.023+05:30  INFO 35292 --- [           main] c.v.v.VendorManagementApplication        : Starting VendorManagementApplication using Java 25.0.2 with PID 35292 (C:\Users\Stalin rao\OneDrive\Documents\vendor-management\backend\target\classes started by Stalin rao in C:\Users\Stalin rao\OneDrive\Documents\vendor-management\backend)
2026-03-23T14:55:41.040+05:30  INFO 35292 --- [           main] c.v.v.VendorManagementApplication        : The following 1 profile is active: "dev"
2026-03-23T14:55:42.678+05:30  INFO 35292 --- [           main] .s.d.r.c.RepositoryConfigurationDelegate : Bootstrapping Spring Data JPA repositories in DEFAULT mode.
2026-03-23T14:55:42.857+05:30  INFO 35292 --- [           main] .s.d.r.c.RepositoryConfigurationDelegate : Finished Spring Data repository scanning in 162 ms. Found 10 JPA repository interfaces.
WARNING: A restricted method in java.lang.System has been called
WARNING: java.lang.System::load has been called by org.apache.tomcat.jni.Library in an unnamed module (file:/C:/Users/Stalin%20rao/.m2/repository/org/apache/tomcat/embed/tomcat-embed-core/10.1.16/tomcat-embed-core-10.1.16.jar)
WARNING: Use --enable-native-access=ALL-UNNAMED to avoid a warning for callers in this module
WARNING: Restricted methods will be blocked in a future release unless native access is enabled

2026-03-23T14:55:43.890+05:30  INFO 35292 --- [           main] o.s.b.w.embedded.tomcat.TomcatWebServer  : Tomcat initialized with port 8080 (http)
2026-03-23T14:55:43.908+05:30  INFO 35292 --- [           main] o.apache.catalina.core.StandardService   : Starting service [Tomcat]
2026-03-23T14:55:43.910+05:30  INFO 35292 --- [           main] o.apache.catalina.core.StandardEngine    : Starting Servlet engine: [Apache Tomcat/10.1.16]
2026-03-23T14:55:44.026+05:30  INFO 35292 --- [           main] o.a.c.c.C.[Tomcat].[localhost].[/]       : Initializing Spring embedded WebApplicationContext
2026-03-23T14:55:44.026+05:30  INFO 35292 --- [           main] w.s.c.ServletWebServerApplicationContext : Root WebApplicationContext: initialization completed in 2874 ms
2026-03-23T14:55:44.078+05:30  INFO 35292 --- [           main] com.zaxxer.hikari.HikariDataSource       : HikariPool-1 - Starting...
2026-03-23T14:55:44.380+05:30  INFO 35292 --- [           main] com.zaxxer.hikari.pool.HikariPool        : HikariPool-1 - Added connection conn0: url=jdbc:h2:mem:testdb user=SA
2026-03-23T14:55:44.382+05:30  INFO 35292 --- [           main] com.zaxxer.hikari.HikariDataSource       : HikariPool-1 - Start completed.
2026-03-23T14:55:44.404+05:30  INFO 35292 --- [           main] o.s.b.a.h2.H2ConsoleAutoConfiguration    : H2 console available at '/h2-console'. Database available at 'jdbc:h2:mem:testdb'
2026-03-23T14:55:44.582+05:30  INFO 35292 --- [           main] o.hibernate.jpa.internal.util.LogHelper  : HHH000204: Processing PersistenceUnitInfo [name: default]
2026-03-23T14:55:44.666+05:30  INFO 35292 --- [           main] org.hibernate.Version                    : HHH000412: Hibernate ORM core version 6.3.1.Final
2026-03-23T14:55:44.716+05:30  INFO 35292 --- [           main] o.h.c.internal.RegionFactoryInitiator    : HHH000026: Second-level cache disabled
2026-03-23T14:55:45.079+05:30  INFO 35292 --- [           main] o.s.o.j.p.SpringPersistenceUnitInfo      : No LoadTimeWeaver setup: ignoring JPA class transformer
2026-03-23T14:55:45.151+05:30  WARN 35292 --- [           main] org.hibernate.orm.deprecation            : HHH90000025: H2Dialect does not need to be specified explicitly using 'hibernate.dialect' (remove the property setting and it will be selected by default)
2026-03-23T14:55:46.957+05:30  INFO 35292 --- [           main] o.h.e.t.j.p.i.JtaPlatformInitiator       : HHH000489: No JTA platform available (set 'hibernate.transaction.jta.platform' to enable JTA platform integration)
Hibernate: 
    create table contracts (
        id bigint generated by default as identity,
        end_date date not null,
        start_date date not null,
        terms varchar(1000),
        title varchar(255) not null,
        contract_value numeric(12,2) not null,
        vendor_id bigint not null,
        primary key (id)
    )
Hibernate: 
    create table delivery_tracking (
        id bigint generated by default as identity,
        created_at timestamp(6),
        description varchar(500),
        location varchar(255),
        status varchar(255) not null,
        timestamp timestamp(6),
        updated_by varchar(255),
        purchase_order_id bigint not null,
        primary key (id)
    )
Hibernate: 
    create table invoices (
        id bigint generated by default as identity,
        amount numeric(12,2) not null,
        approved_at timestamp(6),
        created_at timestamp(6),
        description varchar(1000),
        due_date date not null,
        invoice_date date not null,
        invoice_file_path varchar(255),
        invoice_number varchar(255) not null,
        notes varchar(255),
        paid_at timestamp(6),
        payment_date date,
        payment_method varchar(255),
        rejected_at timestamp(6),
        rejection_reason varchar(500),
        status varchar(255) not null check (status in ('DRAFT','SUBMITTED','PENDING_APPROVAL','APPROVED','PAID','OVERDUE','CANCELLED')),
        submitted_at timestamp(6),
        tax_amount numeric(12,2),
        total_amount numeric(12,2),
        transaction_reference varchar(255),
        updated_at timestamp(6),
        approved_by_user_id bigint,
        created_by_user_id bigint not null,
        paid_by_user_id bigint,
        purchase_order_id bigint not null,
        rejected_by_user_id bigint,
        vendor_id bigint not null,
        primary key (id)
    )
Hibernate: 
    create table notifications (
        id bigint generated by default as identity,
        action_url varchar(255),
        created_at timestamp(6),
        important boolean,
        message TEXT,
        read boolean,
        read_at timestamp(6),
        title varchar(200) not null,
        type varchar(255) not null check (type in ('PO_CREATED','PO_APPROVED','PO_CANCELLED','DELIVERY_UPDATE','INVOICE_SUBMITTED','PAYMENT_APPROVED','PAYMENT_COMPLETED','CONTRACT_EXPIRY','CONTRACT_RENEWAL','VENDOR_APPROVAL','VENDOR_REJECTION','SYSTEM_ALERT')),
        user_id bigint not null,
        primary key (id)
    )
Hibernate: 
    create table performance_records (
        id bigint generated by default as identity,
        comments varchar(500),
        created_at timestamp(6),
        delivery_score integer not null,
        evaluation_date date not null,
        overall_score float(10) not null,
        quality_score integer not null,
        service_score integer not null,
        updated_at timestamp(6),
        vendor_id bigint not null,
        primary key (id)
    )
Hibernate: 
    create table purchase_orders (
        id bigint generated by default as identity,
        actual_delivery_date date,
        approval_notes varchar(255),
        approved_at timestamp(6),
        cancellation_reason varchar(500),
        cancelled_at timestamp(6),
        carrier varchar(255),
        completed_at timestamp(6),
        created_at timestamp(6),
        delivery_address varchar(500),
        delivery_instructions varchar(255),
        description varchar(1000),
        expected_delivery_date date,
        order_date date not null,
        po_number varchar(255) not null,
        priority_level varchar(255),
        sent_to_vendor_at timestamp(6),
        status varchar(255) not null check (status in ('DRAFT','PENDING_APPROVAL','APPROVED','SENT_TO_VENDOR','IN_PROGRESS','DELIVERED','COMPLETED','CANCELLED')),
        total_amount numeric(12,2) not null,
        tracking_number varchar(255),
        updated_at timestamp(6),
        urgent boolean,
        approved_by_user_id bigint,
        cancelled_by_user_id bigint,
        created_by_user_id bigint not null,
        vendor_id bigint not null,
        primary key (id)
    )
Hibernate: 
    create table purchase_requests (
        id bigint generated by default as identity,
        description TEXT,
        request_date date not null,
        requested_amount float(53) not null,
        status varchar(255) not null check (status in ('PENDING','APPROVED','REJECTED')),
        title varchar(255) not null,
        created_by_id bigint not null,
        vendor_id bigint,
        primary key (id)
    )
Hibernate: 
    create table users (
        id bigint generated by default as identity,
        active boolean not null,
        created_at timestamp(6),
        department varchar(255),
        designation varchar(255),
        email varchar(255) not null,
        email_verified boolean,
        full_name varchar(255),
        last_login timestamp(6),
        locked_until timestamp(6),
        login_attempts integer,
        password varchar(255) not null,
        password_changed_at timestamp(6),
        phone_number varchar(255),
        role varchar(255) not null check (role in ('ADMIN','PROCUREMENT_MANAGER','VENDOR','FINANCE_TEAM')),
        updated_at timestamp(6),
        username varchar(255) not null,
        verification_token varchar(255),
        primary key (id)
    )
Hibernate: 
    create table vendor_transactions (
        id bigint generated by default as identity,
        amount numeric(12,2) not null,
        reference varchar(255),
        status varchar(255) not null,
        transaction_date date not null,
        type varchar(255) not null,
        vendor_id bigint not null,
        primary key (id)
    )
Hibernate: 
    create table vendors (
        id bigint generated by default as identity,
        active boolean not null,
        address varchar(1000) not null,
        approval_date date,
        bank_account_number varchar(255),
        bank_branch varchar(255),
        bank_name varchar(255),
        category varchar(255) not null check (category in ('IT_SERVICES','LOGISTICS','MATERIALS','MANUFACTURING','CONSULTING','FACILITIES','MARKETING','FINANCIAL','HUMAN_RESOURCES','LEGAL','HEALTHCARE','EDUCATION','RETAIL','HOSPITALITY','ENERGY')),
        city varchar(255) not null,
        company_name varchar(255) not null,
        contact_designation varchar(255),
        contact_person varchar(255),
        country varchar(255) not null,
        delivery_performance integer,
        document_path varchar(255),
        email varchar(255) not null,
        gst_number varchar(255) not null,
        ifsc_code varchar(255),
        name varchar(255) not null,
        notes varchar(255),
        pan_number varchar(255) not null,
        payment numeric(12,2) not null,
        performance varchar(500),
        phone varchar(255) not null,
        pincode varchar(255) not null,
        rating integer,
        registration_date date,
        risk_level varchar(255),
        service_type varchar(255) not null,
        state varchar(255) not null,
        status varchar(255) not null check (status in ('PENDING_APPROVAL','APPROVED','REJECTED','SUSPENDED','BLACKLISTED','INACTIVE')),
        total_payment_history numeric(38,2),
        total_reviews integer,
        website varchar(255),
        primary key (id)
    )
Hibernate: 
    alter table if exists invoices 
       drop constraint if exists UK_l1x55mfsay7co0r3m9ynvipd5
Hibernate: 
    alter table if exists invoices 
       add constraint UK_l1x55mfsay7co0r3m9ynvipd5 unique (invoice_number)
Hibernate: 
    alter table if exists purchase_orders 
       drop constraint if exists UK_pbiykvcpyg0jslne4gviyeuc2
Hibernate: 
    alter table if exists purchase_orders 
       add constraint UK_pbiykvcpyg0jslne4gviyeuc2 unique (po_number)
Hibernate: 
    alter table if exists users 
       drop constraint if exists UK_6dotkott2kjsp8vw4d0m25fb7
Hibernate: 
    alter table if exists users 
       add constraint UK_6dotkott2kjsp8vw4d0m25fb7 unique (email)
Hibernate: 
    alter table if exists users 
       drop constraint if exists UK_r43af9ap4edm43mmtq01oddj6
Hibernate: 
    alter table if exists users 
       add constraint UK_r43af9ap4edm43mmtq01oddj6 unique (username)
Hibernate: 
    alter table if exists vendors 
       drop constraint if exists UK_8xmc0rpdougqaftbgr1s2tolo
Hibernate: 
    alter table if exists vendors 
       add constraint UK_8xmc0rpdougqaftbgr1s2tolo unique (email)
Hibernate: 
    alter table if exists vendors 
       drop constraint if exists UK_btt0grbwksbfxactv71cvm3mw
Hibernate: 
    alter table if exists vendors 
       add constraint UK_btt0grbwksbfxactv71cvm3mw unique (gst_number)
Hibernate: 
    alter table if exists vendors 
       drop constraint if exists UK_cfihxikme85hnjs9hu54sywqd
Hibernate: 
    alter table if exists vendors 
       add constraint UK_cfihxikme85hnjs9hu54sywqd unique (pan_number)
Hibernate: 
    alter table if exists contracts 
       add constraint FK7btrf285yn8cvvjndcnex8p6h 
       foreign key (vendor_id) 
       references vendors
Hibernate: 
    alter table if exists delivery_tracking 
       add constraint FKp6suosnl2drcavsxd5tn9sah6 
       foreign key (purchase_order_id) 
       references purchase_orders
Hibernate: 
    alter table if exists invoices 
       add constraint FKqlhu6n4skvuhnfsjhfnmx2u7r 
       foreign key (approved_by_user_id) 
       references users
Hibernate: 
    alter table if exists invoices 
       add constraint FKfjkha4bd3ckx2ru4xnvneom4n 
       foreign key (created_by_user_id) 
       references users
Hibernate: 
    alter table if exists invoices 
       add constraint FKog4vhmjhjywe3hpt9ur28fksa 
       foreign key (paid_by_user_id) 
       references users
Hibernate: 
    alter table if exists invoices 
       add constraint FKbngycb9k1ijfur8dmqgqjup1o 
       foreign key (purchase_order_id) 
       references purchase_orders
Hibernate: 
    alter table if exists invoices 
       add constraint FKhxwcxfu1hyodkl9g4pt9rnc5r 
       foreign key (rejected_by_user_id) 
       references users
Hibernate: 
    alter table if exists invoices 
       add constraint FKl5vl2l7vh178as7kfsmnwvdyu 
       foreign key (vendor_id) 
       references vendors
Hibernate: 
    alter table if exists notifications 
       add constraint FK9y21adhxn0ayjhfocscqox7bh 
       foreign key (user_id) 
       references users
Hibernate: 
    alter table if exists performance_records 
       add constraint FKauqcl10pyw5nhtosy4f5a4e0a 
       foreign key (vendor_id) 
       references vendors
Hibernate: 
    alter table if exists purchase_orders 
       add constraint FKglkxrxmqwafek8l9xv1phi72o 
       foreign key (approved_by_user_id) 
       references users
Hibernate: 
    alter table if exists purchase_orders 
       add constraint FKa6qjkee0fsvbrhl65q4vkl709 
       foreign key (cancelled_by_user_id) 
       references users
Hibernate: 
    alter table if exists purchase_orders 
       add constraint FKsnldca8ivox9hh7rk4musap97 
       foreign key (created_by_user_id) 
       references users
Hibernate: 
    alter table if exists purchase_orders 
       add constraint FKn3rssy7613r6x49ax30e2nbay 
       foreign key (vendor_id) 
       references vendors
Hibernate: 
    alter table if exists purchase_requests 
       add constraint FKwtbcpkr4j6u245hc1wcrb7yj 
       foreign key (created_by_id) 
       references users
Hibernate: 
    alter table if exists purchase_requests 
       add constraint FKpul8t0gqu8qd5ltr4imt9rqov 
       foreign key (vendor_id) 
       references vendors
Hibernate: 
    alter table if exists vendor_transactions 
       add constraint FKl167g7ytdfd28y02b49hjlofu 
       foreign key (vendor_id) 
       references vendors
2026-03-23T14:55:47.155+05:30  INFO 35292 --- [           main] j.LocalContainerEntityManagerFactoryBean : Initialized JPA EntityManagerFactory for persistence unit 'default'
2026-03-23T14:55:47.717+05:30  INFO 35292 --- [           main] o.s.d.j.r.query.QueryEnhancerFactory     : Hibernate is in classpath; If applicable, HQL parser will be used.
2026-03-23T14:55:48.772+05:30  WARN 35292 --- [           main] JpaBaseConfiguration$JpaWebConfiguration : spring.jpa.open-in-view is enabled by default. Therefore, database queries may be performed during view rendering. Explicitly configure spring.jpa.open-in-view to disable this warning
2026-03-23T14:55:49.258+05:30  INFO 35292 --- [           main] o.s.s.web.DefaultSecurityFilterChain     : Will secure any request with [org.springframework.security.web.session.DisableEncodeUrlFilter@2910c3ae, org.springframework.security.web.context.request.async.WebAsyncManagerIntegrationFilter@2182ebc7, org.springframework.security.web.context.SecurityContextHolderFilter@75564689, org.springframework.security.web.header.HeaderWriterFilter@319428ba, org.springframework.web.filter.CorsFilter@543895d2, org.springframework.security.web.authentication.logout.LogoutFilter@8dcc25, org.springframework.security.web.authentication.UsernamePasswordAuthenticationFilter@402d443d, org.springframework.security.web.authentication.ui.DefaultLoginPageGeneratingFilter@5a2e4e77, org.springframework.security.web.authentication.ui.DefaultLogoutPageGeneratingFilter@3699c795, org.springframework.security.web.authentication.www.BasicAuthenticationFilter@6c633590, org.springframework.security.web.savedrequest.RequestCacheAwareFilter@5f7e2ca8, org.springframework.security.web.servletapi.SecurityContextHolderAwareRequestFilter@1d07fb2, org.springframework.security.web.authentication.AnonymousAuthenticationFilter@193b6f5b, org.springframework.security.web.access.ExceptionTranslationFilter@223ed38f, org.springframework.security.web.access.intercept.AuthorizationFilter@12b9d405]
2026-03-23T14:55:49.470+05:30  WARN 35292 --- [           main] ion$DefaultTemplateResolverConfiguration : Cannot find template location: classpath:/templates/ (please add some templates, check your Thymeleaf configuration, or set spring.thymeleaf.check-template-location=false)
2026-03-23T14:55:49.713+05:30  WARN 35292 --- [           main] ConfigServletWebServerApplicationContext : Exception encountered during context initialization - cancelling refresh attempt: org.springframework.context.ApplicationContextException: Failed to start bean 'webServerStartStop'
2026-03-23T14:55:49.718+05:30  INFO 35292 --- [           main] j.LocalContainerEntityManagerFactoryBean : Closing JPA EntityManagerFactory for persistence unit 'default'
2026-03-23T14:55:49.721+05:30  INFO 35292 --- [           main] com.zaxxer.hikari.HikariDataSource       : HikariPool-1 - Shutdown initiated...
2026-03-23T14:55:49.724+05:30  INFO 35292 --- [           main] com.zaxxer.hikari.HikariDataSource       : HikariPool-1 - Shutdown completed.
2026-03-23T14:55:49.754+05:30  INFO 35292 --- [           main] .s.b.a.l.ConditionEvaluationReportLogger : 

Error starting ApplicationContext. To display the condition evaluation report re-run your application with 'debug' enabled.
2026-03-23T14:55:49.786+05:30 ERROR 35292 --- [           main] o.s.b.d.LoggingFailureAnalysisReporter   : 

***************************
APPLICATION FAILED TO START
***************************

Description:

Web server failed to start. Port 8080 was already in use.

Action:

Identify and stop the process that's listening on port 8080 or configure this application to listen on another port.

[INFO] ------------------------------------------------------------------------
[INFO] BUILD FAILURE
[INFO] ------------------------------------------------------------------------
[INFO] Total time:  13.430 s
[INFO] Finished at: 2026-03-23T14:55:49+05:30
[INFO] ------------------------------------------------------------------------
[ERROR] Failed to execute goal org.springframework.boot:spring-boot-maven-plugin:3.2.0:run (default-cli) on project vendor-management: Process terminated with exit code: 1 -> [Help 1]
[ERROR] 
[ERROR] To see the full stack trace of the errors, re-run Maven with the -e switch.
[ERROR] Re-run Maven using the -X switch to enable full debug logging.
[ERROR] 
[ERROR] For more information about the errors and possible solutions, please read the following articles:
[ERROR] [Help 1] http://cwiki.apache.org/confluence/display/MAVEN/MojoExecutionException
